C51 COMPILER V9.54   I2C_M                                                                 06/26/2018 11:00:26 PAGE 1   


C51 COMPILER V9.54, COMPILATION OF MODULE I2C_M
OBJECT MODULE PLACED IN .\Output\I2C_M.obj
COMPILER INVOKED BY: E:\keil\C51\BIN\C51.EXE Code\I2C_M.c OPTIMIZE(8,SPEED) BROWSE INCDIR(..\..\Common;..\..\Include) DE
                    -FINE(FOSC_160000) DEBUG OBJECTEXTEND PRINT(.\LST\I2C_M.lst) TABS(2) OBJECT(.\Output\I2C_M.obj)

line level    source

   1          #include "N76E003.h"
   2          #include "WS281X.h"
   3          #include "Delay.h"
   4          #include "SFR_Macro.h"
   5          #include "Function_define.h"
   6          #include "intrins.h"
   7          #include "WS281X.h"
   8          #include "string.h"
   9          #include "buzzer.h"
  10          #include "infrared.h"
  11          #include "MOVE.h"
  12          
  13          #define TH0_INIT        1300 
  14          #define TL0_INIT        1300          //定时器
  15          
  16          U8 u8TH0_Tmp,u8TL0_Tmp;
  17          U8 buzzer_blink = 0;
  18          
  19          
  20          
  21          
  22          void main(void)
  23          {
  24   1        Set_All_GPIO_Quasi_Mode; 
  25   1      //  track_search_init();
  26   1      //  buzzer_pwm_init();
  27   1      
  28   1      #if 0 
                  TIMER0_MODE1_ENABLE;  
                  u8TH0_Tmp = (65536-TH0_INIT)/256;
                  u8TL0_Tmp = (65536-TL0_INIT)%256; 
                
                  TH0 = u8TH0_Tmp;
                  TL0 = u8TL0_Tmp;
                
                  set_ET0;                                    //enable Timer0 interrupt
                  set_EA;                                     //enable interrupts
                
              #endif
  40   1        delay(500);   //上电延时    
  41   1        init_uart();
  42   1        InitMPU6050();  //初始化MPU6050
  43   1        delay(150);
  44   1        while(1)
  45   1        {
  46   2        
  47   2          Display10BitData(GetData(ACCEL_XOUT_H));  //显示X轴加速度
  48   2          Display10BitData(GetData(ACCEL_YOUT_H));  //显示Y轴加速度
  49   2          Display10BitData(GetData(ACCEL_ZOUT_H));  //显示Z轴加速度
  50   2          Display10BitData(GetData(GYRO_XOUT_H));   //显示X轴角速度
  51   2          Display10BitData(GetData(GYRO_YOUT_H));   //显示Y轴角速度
  52   2          Display10BitData(GetData(GYRO_ZOUT_H));   //显示Z轴角速度
  53   2           
  54   2          SeriPushSend(0x0d); 
C51 COMPILER V9.54   I2C_M                                                                 06/26/2018 11:00:26 PAGE 2   

  55   2          SeriPushSend(0x0a);//换行，回车
  56   2          delay(2000);
  57   2          Timer1_Delay10ms(100);
  58   2        }
  59   1        
  60   1        
  61   1      
  62   1          
  63   1      }
  64          
  65          
  66          /************************ (C) COPYRIGHT OAZON ******************END OF FILE****/
  67          
  68          
*** WARNING C316 IN LINE 68 OF Code\I2C_M.c: unterminated conditionals


MODULE INFORMATION:   STATIC OVERLAYABLE
   CODE SIZE        =    111    ----
   CONSTANT SIZE    =   ----    ----
   XDATA SIZE       =   ----    ----
   PDATA SIZE       =   ----    ----
   DATA SIZE        =      3    ----
   IDATA SIZE       =   ----    ----
   BIT SIZE         =   ----    ----
END OF MODULE INFORMATION.


C51 COMPILATION COMPLETE.  1 WARNING(S),  0 ERROR(S)
