C51 COMPILER V9.54   INFRARED                                                              06/21/2018 16:26:33 PAGE 1   


C51 COMPILER V9.54, COMPILATION OF MODULE INFRARED
OBJECT MODULE PLACED IN .\Output\infrared.obj
COMPILER INVOKED BY: E:\keil\C51\BIN\C51.EXE ..\..\Common\infrared.c OPTIMIZE(8,SPEED) BROWSE INCDIR(..\..\Common;..\..\
                    -Include) DEFINE(FOSC_160000) DEBUG OBJECTEXTEND PRINT(.\LST\infrared.lst) TABS(2) OBJECT(.\Output\infrared.obj)

line level    source

   1          #include "buzzer.h"
   2          #include "SFR_Macro.h"
   3          #include "Function_define.h"
   4          #include "N76E003.h"
   5          #include "Common.h"
   6          
   7          void track_search_init()
   8          {
   9   1      /**********************************************************************
  10   1        PWM输出，37.8KHZ
  11   1      ***********************************************************************/
  12   1          P11_PushPull_Mode;
  13   1      
  14   1      //    P11_Quasi_Mode;;
  15   1          PWM1_P11_OUTPUT_ENABLE;
  16   1      
  17   1      /**********************************************************************
  18   1        PWM frequency = Fpwm/((PWMPH,PWMPL) + 1) <Fpwm = Fsys/PWM_CLOCK_DIV> 
  19   1                      = (16MHz/8)/(0x34 + 1)
  20   1                      = 38KHz (1ms)
  21   1      ***********************************************************************/
  22   1      
  23   1          PWM_CLOCK_DIV_8;
  24   1          PWMPH = 0x00;
  25   1          PWMPL = 0x34;
  26   1        
  27   1          PWM1H = 0x00;           
  28   1          PWM1L = 0x1A;
  29   1                                            //37.8khz，50%占空比
  30   1          set_LOAD;
  31   1          set_PWMRUN; 
  32   1          
  33   1      /**********************************************************************
  34   1        接收传感器信号
  35   1      ***********************************************************************/    
  36   1          P10_Input_Mode;                   //红外传感器输出口
  37   1      }


MODULE INFORMATION:   STATIC OVERLAYABLE
   CODE SIZE        =     37    ----
   CONSTANT SIZE    =   ----    ----
   XDATA SIZE       =   ----    ----
   PDATA SIZE       =   ----    ----
   DATA SIZE        =   ----    ----
   IDATA SIZE       =   ----    ----
   BIT SIZE         =   ----    ----
END OF MODULE INFORMATION.


C51 COMPILATION COMPLETE.  0 WARNING(S),  0 ERROR(S)
