C51 COMPILER V9.54   TIMER3                                                                06/06/2018 16:15:35 PAGE 1   


C51 COMPILER V9.54, COMPILATION OF MODULE TIMER3
OBJECT MODULE PLACED IN .\Output\Timer3.obj
COMPILER INVOKED BY: E:\keil\C51\BIN\C51.EXE Code\Timer3.c OPTIMIZE(8,SPEED) BROWSE INCDIR(..\..\Include) DEFINE(FOSC_16
                    -0000) DEBUG OBJECTEXTEND PRINT(.\LST\Timer3.lst) TABS(2) OBJECT(.\Output\Timer3.obj)

line level    source

   1          /*--------------------------------------------------------------------------------------------------------
             --*/
   2          /*                                                                                                        
             - */
   3          /* Copyright(c) 2017 Nuvoton Technology Corp. All rights reserved.                                        
             - */
   4          /*                                                                                                        
             - */
   5          /*--------------------------------------------------------------------------------------------------------
             --*/
   6          
   7          //********************************************************************************************************
             -***
   8          //  Nuvoton Technoledge Corp. 
   9          //  Website: http://www.nuvoton.com
  10          //  E-Mail : MicroC-8bit@nuvoton.com
  11          //  Date   : Apr/21/2017
  12          //********************************************************************************************************
             -***
  13          
  14          //********************************************************************************************************
             -***
  15          //  File Function: N76E003 Timer3 demo code
  16          //***********************************
  17          #include "N76E003.h"
  18          #include "SFR_Macro.h"
  19          #include "Function_define.h"
  20          #include "Common.h"
  21          #include "Delay.h"
  22          
  23          #define RELOAD_VALUE_H  (65536-1500)/256
  24          #define RELOAD_VALUE_L  (65536-1500)%256
  25          
  26          /*********************************************************************************************************
             -***
  27          *    TIMER 2 interrupt subroutine
  28          **********************************************************************************************************
             -**/
  29          UINT8 a = 0;
  30          void Timer3_ISR (void) interrupt 16 
  31          {
  32   1          clr_TF3;
  33   1       P12 = ~P12 ;                                //P0.2 toggle when TF3 interrupt
  34   1        
  35   1        printf("\n TM3 INT 0x%bX", RH3);
  36   1      }
  37          
  38          /*********************************************************************************************************
             -***
  39          *    Main function 
  40          **********************************************************************************************************
             -**/
  41          void main (void)
  42          {
C51 COMPILER V9.54   TIMER3                                                                06/06/2018 16:15:35 PAGE 2   

  43   1          
  44   1          Set_All_GPIO_Quasi_Mode;
  45   1          InitialUART0_Timer1(115200);
  46   1      
  47   1             
  48   1          RH3 = RELOAD_VALUE_H;                       //initial counter values 
  49   1          RL3 = RELOAD_VALUE_L;    
  50   1          
  51   1          set_ET3;                                    //enable Timer3 interrupt
  52   1          set_EA;                                     //enable interrupts
  53   1          set_TR3;                                    //Timer3 run
  54   1      
  55   1          while(1);
  56   1      }
  57          


MODULE INFORMATION:   STATIC OVERLAYABLE
   CODE SIZE        =    111    ----
   CONSTANT SIZE    =     16    ----
   XDATA SIZE       =   ----    ----
   PDATA SIZE       =   ----    ----
   DATA SIZE        =      1    ----
   IDATA SIZE       =   ----    ----
   BIT SIZE         =   ----    ----
END OF MODULE INFORMATION.


C51 COMPILATION COMPLETE.  0 WARNING(S),  0 ERROR(S)
