C51 COMPILER V9.54   BUZZER                                                                06/27/2018 18:44:26 PAGE 1   


C51 COMPILER V9.54, COMPILATION OF MODULE BUZZER
OBJECT MODULE PLACED IN .\Output\buzzer.obj
COMPILER INVOKED BY: E:\keil\C51\BIN\C51.EXE ..\..\Common\buzzer.c OPTIMIZE(8,SPEED) BROWSE INCDIR(..\..\Common;..\..\In
                    -clude) DEFINE(FOSC_160000) DEBUG OBJECTEXTEND PRINT(.\LST\buzzer.lst) TABS(2) OBJECT(.\Output\buzzer.obj)

line level    source

   1          #include "buzzer.h"
   2          #include "SFR_Macro.h"
   3          #include "Function_define.h"
   4          #include "N76E003.h"
   5          #include "Common.h"
   6          
   7          
   8          
   9          
  10          /**********************************************************************
  11            PWM frequency = Fpwm/((PWMPH,PWMPL) + 1) <Fpwm = Fsys/PWM_CLOCK_DIV> 
  12                          = (16MHz/8)/(0x7CF + 1)
  13                          = 1KHz (1ms)
  14          ***********************************************************************/
  15          void buzzer_pwm_init()
  16          {   
  17   1          P10_PushPull_Mode;
  18   1          PWM2_P10_OUTPUT_ENABLE;
  19   1      
  20   1          P03_PushPull_Mode;
  21   1          PWM5_P03_OUTPUT_ENABLE;
  22   1          PWM_CLOCK_DIV_8;
  23   1          PWMPH = 0x07;
  24   1          PWMPL = 0xCF;
  25   1        
  26   1          PWM2H = 0x00;           
  27   1          PWM2L = 0x55;
  28   1        
  29   1        
  30   1          set_SFRPAGE;        
  31   1          PWM5H = 0x06;           
  32   1          PWM5L = 0xCF;
  33   1            clr_SFRPAGE;    
  34   1          set_LOAD;
  35   1          set_PWMRUN; 
  36   1      }
  37          void buzzer_off()
  38          {
  39   1          PWM2H = 0x00;           
  40   1          PWM2L = 0x00;
  41   1      }
  42          void buzzer_open(unsigned char duration,unsigned char cycle,unsigned char interval)
  43          {
  44   1          
  45   1          
  46   1      }
*** WARNING C280 IN LINE 42 OF ..\..\Common\buzzer.c: 'duration': unreferenced local variable
*** WARNING C280 IN LINE 42 OF ..\..\Common\buzzer.c: 'cycle': unreferenced local variable
*** WARNING C280 IN LINE 42 OF ..\..\Common\buzzer.c: 'interval': unreferenced local variable
  47          void buzzer_sos()
  48          {
  49   1      
  50   1      }
  51          void buzzer_blin()
C51 COMPILER V9.54   BUZZER                                                                06/27/2018 18:44:26 PAGE 2   

  52          {
  53   1      
  54   1      }
  55          
  56          
  57          
  58          
  59          
  60          
  61          
  62          
  63          
  64          
  65          
  66          
  67          
  68          


MODULE INFORMATION:   STATIC OVERLAYABLE
   CODE SIZE        =    100    ----
   CONSTANT SIZE    =   ----    ----
   XDATA SIZE       =   ----    ----
   PDATA SIZE       =   ----    ----
   DATA SIZE        =   ----       3
   IDATA SIZE       =   ----    ----
   BIT SIZE         =   ----    ----
END OF MODULE INFORMATION.


C51 COMPILATION COMPLETE.  3 WARNING(S),  0 ERROR(S)
