C51 COMPILER V9.54   TIMER01_M1                                                            07/05/2018 15:41:07 PAGE 1   


C51 COMPILER V9.54, COMPILATION OF MODULE TIMER01_M1
OBJECT MODULE PLACED IN .\Output\Timer01_M1.obj
COMPILER INVOKED BY: E:\keil\C51\BIN\C51.EXE Code\Timer01_M1.c OPTIMIZE(8,SPEED) BROWSE INCDIR(..\..\Include) DEFINE(FOS
                    -C_160000) DEBUG OBJECTEXTEND PRINT(.\LST\Timer01_M1.lst) TABS(2) OBJECT(.\Output\Timer01_M1.obj)

line level    source

   1          /*--------------------------------------------------------------------------------------------------------
             --*/
   2          /*                                                                                                        
             - */
   3          /* Copyright(c) 2017 Nuvoton Technology Corp. All rights reserved.                                        
             - */
   4          /*                                                                                                        
             - */
   5          /*--------------------------------------------------------------------------------------------------------
             --*/
   6          
   7          //********************************************************************************************************
             -***
   8          //  Nuvoton Technoledge Corp. 
   9          //  Website: http://www.nuvoton.com
  10          //  E-Mail : MicroC-8bit@nuvoton.com
  11          //  Date   : Apr/21/2017
  12          //********************************************************************************************************
             -***
  13          
  14          //********************************************************************************************************
             -***
  15          //  File Function: N76E003 Timer0/1 Mode1 demo code
  16          //********************************************************************************************************
             -***
  17          #include "N76E003.h"
  18          #include "Common.h"
  19          #include "Delay.h"
  20          #include "SFR_Macro.h"
  21          #include "Function_define.h"
  22          
  23          //*****************  The Following is in define in Fucntion_define.h  ***************************
  24          //****** Always include Function_define.h call the define you want, detail see main(void) *******
  25          //***********************************************************************************************
  26          #if 0
              //#define   TIMER0_MODE0_ENABLE   TMOD&=0x0F
              //#define   TIMER0_MODE1_ENABLE   TMOD&=0x0F;TMOD|=0x10
              //#define   TIMER0_MODE2_ENABLE   TMOD&=0x0F;TMOD|=0x20
              //#define   TIMER0_MODE3_ENABLE   TMOD&=0x0F;TMOD|=0x3F
              
              //#define   TIMER1_MODE0_ENABLE   TMOD&=0xF0
              //#define   TIMER1_MODE1_ENABLE   TMOD&=0xF0;TMOD|=0x01
              //#define   TIMER1_MODE2_ENABLE   TMOD&=0xF0;TMOD|=0x02
              //#define   TIMER1_MODE3_ENABLE   TMOD&=0xF0;TMOD|=0xF3
              #endif
  37          
  38          #define TH0_INIT        1300 
  39          #define TL0_INIT        1300
  40          #define TH1_INIT        50000 
  41          #define TL1_INIT        50000
  42          
  43          UINT8 u8TH0_Tmp,u8TL0_Tmp,u8TH1_Tmp,u8TL1_Tmp,i;
  44          UINT8 RGB_rh = 0x00,RGB_rl = 0x00;
  45          /*********************************************************************************************************
C51 COMPILER V9.54   TIMER01_M1                                                            07/05/2018 15:41:07 PAGE 2   

             -***
  46          *    TIMER 0 interrupt subroutine
  47          **********************************************************************************************************
             -**/
  48          void Timer0_ISR (void) interrupt 1  //interrupt address is 0x000B
  49          {
  50   1          TH0 = u8TH0_Tmp;
  51   1          TL0 = u8TL0_Tmp;    
  52   1          RGB_rl++;
  53   1        
  54   1       //   P12 = ~P12;                     // GPIO1 toggle when interrupt
  55   1      }
  56          
  57          /*********************************************************************************************************
             -***
  58          *    TIMER 1 interrupt subroutine
  59          **********************************************************************************************************
             -**/
  60          void Timer1_ISR (void) interrupt 3  //interrupt address is 0x001B
  61          {
  62   1          TH1 = 0;//u8TH1_Tmp;
  63   1          TL1 = 0;//u8TL1_Tmp;   
  64   1      
  65   1          P03 = ~P03;                     //P0.3 toggle when interrupt
  66   1      
  67   1      }
  68          /*********************************************************************************************************
             -***
  69          *    Main function 
  70          **********************************************************************************************************
             -**/
  71          void main (void)
  72          {
  73   1         
  74   1          Set_All_GPIO_Quasi_Mode;
  75   1      //    TIMER0_MODE1_ENABLE;
  76   1          TIMER1_MODE1_ENABLE;
  77   1      //   InitialUART0_Timer1(115200);
  78   1          clr_T1M;
  79   1      //    set_T1M;
  80   1      
  81   1      //    u8TH0_Tmp = (65536-TH0_INIT)/256;
  82   1      //    u8TL0_Tmp = (65536-TL0_INIT)%256;    
  83   1          u8TH1_Tmp = (65536-TH1_INIT)/256;
  84   1          u8TL1_Tmp = (65536-TL1_INIT)%256;
  85   1      
  86   1      //  clr_RSTPINF;
  87   1       //   TH0 = u8TH0_Tmp;
  88   1       //   TL0 = u8TL0_Tmp;
  89   1          TH1 = 0;//u8TH1_Tmp;
  90   1          TL1 = 0;//u8TL1_Tmp;
  91   1       
  92   1       //   set_ET0;                                    //enable Timer0 interrupt
  93   1          set_ET1;                                    //enable Timer1 interrupt
  94   1          set_EA;                                     //enable interrupts
  95   1       //   set_TR0;                                    //Timer0 run
  96   1          set_TR1;                                    //Timer1 run
  97   1          while(1)
  98   1          {
  99   2      
 100   2                    
 101   2          }
C51 COMPILER V9.54   TIMER01_M1                                                            07/05/2018 15:41:07 PAGE 3   

 102   1      
 103   1          
 104   1      
 105   1      }
 106          


MODULE INFORMATION:   STATIC OVERLAYABLE
   CODE SIZE        =     58    ----
   CONSTANT SIZE    =   ----    ----
   XDATA SIZE       =   ----    ----
   PDATA SIZE       =   ----    ----
   DATA SIZE        =      7    ----
   IDATA SIZE       =   ----    ----
   BIT SIZE         =   ----    ----
END OF MODULE INFORMATION.


C51 COMPILATION COMPLETE.  0 WARNING(S),  0 ERROR(S)
