C51 COMPILER V9.54   I2C_M                                                                 06/14/2018 17:18:37 PAGE 1   


C51 COMPILER V9.54, COMPILATION OF MODULE I2C_M
OBJECT MODULE PLACED IN .\Output\I2C_M.obj
COMPILER INVOKED BY: E:\keil\C51\BIN\C51.EXE Code\I2C_M.c OPTIMIZE(8,SPEED) BROWSE INCDIR(..\..\..\Common;..\..\..\Inclu
                    -de) DEFINE(FOSC_160000) DEBUG OBJECTEXTEND PRINT(.\LST\I2C_M.lst) TABS(2) OBJECT(.\Output\I2C_M.obj)

line level    source

   1          /*--------------------------------------------------------------------------------------------------------
             --*/
   2          /*                                                                                                        
             - */
   3          /* Copyright(c) 2017 Nuvoton Technology Corp. All rights reserved.                                        
             - */
   4          /*                                                                                                        
             - */
   5          /*--------------------------------------------------------------------------------------------------------
             --*/
   6          
   7          //********************************************************************************************************
             -***
   8          //  Website: http://www.nuvoton.com
   9          //  E-Mail : MicroC-8bit@nuvoton.com
  10          //  Date   : Jan/21/2017
  11          //********************************************************************************************************
             -***
  12          
  13          //********************************************************************************************************
             -***
  14          //  File Function: N76E003 I2C master mode demo code, the Slave address = 0xA4
  15          //
  16          //   ____________            _____________ 
  17          //  |            |   SDA    |             |
  18          //  |            |<-------->|             |
  19          //  |            |          |             |
  20          //  |N76E003(M)  |          | N76E003(S)  |
  21          //  |(I2C_Master)|          | (I2C_Slave) |
  22          //  |            |   SCL    |             |
  23          //  |            |--------->|             |
  24          //  |____________|          |_____________|
  25          //
  26          //  The protocol of I2C is same the "24LC64"
  27          //********************************************************************************************************
             -***
  28          #include "N76E003.h"
  29          #include "SFR_Macro.h"
  30          #include "Function_define.h"
  31          #include "Common.h"
  32          #include "Delay.h"
  33          
  34          //********************************************************************************************************
             -***
  35          #define I2C_CLOCK               13
  36          #define EEPROM_SLA              0x4A
  37          #define EEPROM_WR               0
  38          #define EEPROM_RD               1
  39          #define ERROR_CODE              0x78
  40          #define PAGE_SIZE               10
  41          
  42          UINT8 data_slave[11] = {0x01,0x11,0x02,0xAA,0x03,0x51,0x04,0x81,0x82,0x05,0xf1};
  43          UINT8 data_1[3] = {0x51,0x10,0xaa};
  44          UINT8 i = 0;
C51 COMPILER V9.54   I2C_M                                                                 06/14/2018 17:18:37 PAGE 2   

  45          
  46          //========================================================================================================
  47          void Init_I2C(void)
  48          {
  49   1      //    /* Set I2C clock rate */
  50   1          I2CLK = I2C_CLOCK; 
  51   1      
  52   1          /* Enable I2C */
  53   1          set_I2CEN;                                   
  54   1      }
  55          //========================================================================================================
  56          void I2C_Error(void)
  57          {
  58   1      //    P3 = I2STAT;
  59   1      //    P3 = ERROR_CODE;
  60   1          while (1);    
  61   1      }
  62          
  63          bit Wait_SI(void)
  64          {
  65   1          uint32_t count = 0;
  66   1          while(!SI)
  67   1          {
  68   2              if((I2STAT==0x00))
  69   2              {
  70   3                  set_STO;
  71   3                  return 0;
  72   3              }
  73   2              count++;
  74   2              
  75   2              if(count > 100000)
  76   2              {
  77   3                  set_STO;
  78   3                  return 0;
  79   3              } 
  80   2          }
  81   1          
  82   1          return 1;
  83   1      }
  84          
  85          bit Wait_STO(void)
  86          {
  87   1          uint32_t count = 0;
  88   1          
  89   1          while(STO)
  90   1          {
  91   2              count++;
  92   2              
  93   2              if(count > 100000)
  94   2              {
  95   3                  return 0;
  96   3              }
  97   2          }
  98   1          
  99   1          return 1;
 100   1      }
 101          
 102          
 103          //========================================================================================================
 104          void I2C_Process(UINT8 u8DAT)
 105          {
 106   1          UINT32 u32Count;
C51 COMPILER V9.54   I2C_M                                                                 06/14/2018 17:18:37 PAGE 3   

 107   1      
 108   1      //--------------------------------------------------------------------------------------------
 109   1      //----  Page Write----------------------------------------------------------------------------
 110   1      //--------------------------------------------------------------------------------------------
 111   1          /* Step1 */
 112   1          set_STA;                                    /* Send Start bit to I2C EEPROM */
 113   1          clr_SI;
 114   1          //while (!SI);                                //Check SI set or not
 115   1          if(Wait_SI() == 0)
 116   1          {
 117   2              return;
 118   2          }
 119   1          if (I2STAT != 0x08)                         //Check status value after every step
 120   1              return;
 121   1          
 122   1          /* Step2 */
 123   1          clr_STA;                                    //STA=0
 124   1          I2DAT = (EEPROM_SLA | EEPROM_WR);
 125   1          clr_SI;
 126   1          //while (!SI);                                //Check SI set or not
 127   1          if(Wait_SI() == 0)
 128   1          {
 129   2              return;
 130   2          }
 131   1          if (I2STAT != 0x18)              
 132   1              return;
 133   1      
 134   1      //////////////±Í÷æ
 135   1          /* Step3 */
 136   1          I2DAT = 0x5A;                               //address high for I2C EEPROM
 137   1          clr_SI;
 138   1          //while (!SI);                                //Check SI set or not
 139   1          if(Wait_SI() == 0)
 140   1          {
 141   2              return;
 142   2          }
 143   1          if (I2STAT != 0x28)              
 144   1              return;
 145   1                          
 146   1          /* Step4 */
 147   1          I2DAT = 0x01;                               //address low for I2C EEPROM
 148   1          clr_SI;
 149   1          //while (!SI);                                //Check SI set or not
 150   1          if(Wait_SI() == 0)
 151   1          {
 152   2              return;
 153   2          }
 154   1          if (I2STAT != 0x28)              
 155   1              return;
 156   1          
 157   1      /////////////////////////////
 158   1          for(u32Count = 0; u32Count <8; u32Count++)
 159   1          {
 160   2      //        for( i=0 ;i<8 ;i++ )
 161   2              
 162   2          
 163   2              I2DAT = data_1[0]+i*10;
 164   2              clr_SI;
 165   2              //while (!SI);                                //Check SI set or not
 166   2              if(Wait_SI() == 0)
 167   2              {
 168   3                  return;
C51 COMPILER V9.54   I2C_M                                                                 06/14/2018 17:18:37 PAGE 4   

 169   3              }
 170   2              if (I2STAT != 0x28)              
 171   2                  return;
 172   2              
 173   2              I2DAT = data_1[1]+i*10;
 174   2              clr_SI;
 175   2              //while (!SI);                                //Check SI set or not
 176   2              if(Wait_SI() == 0)
 177   2              {
 178   3                  return;
 179   3              }
 180   2              if (I2STAT != 0x28)              
 181   2                  return;
 182   2      
 183   2              I2DAT = data_1[2]+i*10;
 184   2              clr_SI;
 185   2              //while (!SI);                                //Check SI set or not
 186   2              if(Wait_SI() == 0)
 187   2              {
 188   3                  return;
 189   3              }
 190   2              if (I2STAT != 0x28)              
 191   2                  return;
 192   2          
 193   2          }
 194   1              I2DAT = 0x80;
 195   1              clr_SI;
 196   1              //while (!SI);                                //Check SI set or not
 197   1              if(Wait_SI() == 0)
 198   1              {
 199   2                  return;
 200   2              }
 201   1              if (I2STAT != 0x28)              
 202   1                  return;
 203   1      /////////////////////
 204   1      
 205   1      //--------------------------------------------------------------------------------------------
 206   1      //----  Waitting the ready for I2C write------------------------------------------------------
 207   1      //--------------------------------------------------------------------------------------------
 208   1          /* Step6 */
 209   1          do{
 210   2              set_STO;
 211   2              clr_SI;
 212   2              
 213   2              set_STA;                                //Check if no ACK is returned by EEPROM, it is under timed
             --write cycle
 214   2              clr_SI;
 215   2              //while (!SI);                                //Check SI set or not
 216   2              if(Wait_SI() == 0)
 217   2              {
 218   3                  return;
 219   3              }
 220   2              if (I2STAT != 0x08)                     //Check status value after every step
 221   2                  return;
 222   2      
 223   2              clr_STA;
 224   2              I2DAT = (EEPROM_SLA | EEPROM_WR);
 225   2              clr_SI;
 226   2              //while (!SI);                                //Check SI set or not
 227   2              if(Wait_SI() == 0)
 228   2              {
 229   3                  return;
C51 COMPILER V9.54   I2C_M                                                                 06/14/2018 17:18:37 PAGE 5   

 230   3              }
 231   2          }while (I2STAT != 0x18);
 232   1          
 233   1          /* Step7 */
 234   1          set_STO;
 235   1          clr_SI;
 236   1          //while (STO);                                /* Check STOP signal */
 237   1          if(Wait_STO() == 0)
 238   1          {
 239   2              return;
 240   2          }
 241   1      //--------------------------------------------------------------------------------------------
 242   1      //----  Page Read ----------------------------------------------------------------------------
 243   1      //--------------------------------------------------------------------------------------------
 244   1      
 245   1      #if 1
 246   1          /* Step12 */
 247   1          /* Repeated START */
 248   1          set_STA;                       
 249   1          clr_SI;
 250   1          //while (!SI);                                //Check SI set or not
 251   1          if(Wait_SI() == 0)
 252   1          {
 253   2              return;
 254   2          }
 255   1          if (I2STAT != 0x08)                         //Check status value after every step
 256   1              return;
 257   1          
 258   1          /* Step13 */
 259   1          clr_STA;                                    //STA needs to be cleared after START codition is generate
             -d
 260   1          I2DAT = (EEPROM_SLA | EEPROM_RD);
 261   1          clr_SI;
 262   1          //while (!SI);                                //Check SI set or not
 263   1          if(Wait_SI() == 0)
 264   1          {
 265   2              return;
 266   2          }
 267   1          if (I2STAT != 0x40)              
 268   1              return;
 269   1          
 270   1          /* Step14 */
 271   1      #if 1 
 272   1          for (u32Count = 0; u32Count <PAGE_SIZE; u32Count++)
 273   1          {
 274   2              set_AA;
 275   2              clr_SI;        
 276   2              //while (!SI);                                //Check SI set or not
 277   2              if(Wait_SI() == 0)
 278   2              {
 279   3                  return;
 280   3              }
 281   2      
 282   2              if (I2STAT != 0x50)              
 283   2                  return;
 284   2              
 285   2              if (I2DAT != data_slave[u32Count])  {}           
 286   2       //           return;
 287   2              
 288   2      //       u8DAT = ~u8DAT; 
 289   2          } 
 290   1       #endif  
C51 COMPILER V9.54   I2C_M                                                                 06/14/2018 17:18:37 PAGE 6   

 291   1          /* Step15 */
 292   1          clr_AA;
 293   1          clr_SI;
 294   1          //while (!SI);                                //Check SI set or not
 295   1          if(Wait_SI() == 0)
 296   1          {
 297   2              return;
 298   2          }
 299   1          if (I2STAT != 0x58)              
 300   1              return;
 301   1      
 302   1          /* Step16 */
 303   1          set_STO;
 304   1          clr_SI;
 305   1          //while (STO);                                /* Check STOP signal */
 306   1          if(Wait_STO() == 0)
 307   1          {
 308   2              return;
 309   2          }
 310   1          
 311   1          printf("OK \n");
 312   1      #endif
 313   1      }
*** WARNING C280 IN LINE 104 OF Code\I2C_M.c: 'u8DAT': unreferenced local variable
 314          //========================================================================================================
 315          void main(void)
 316          {    
 317   1          Set_All_GPIO_Quasi_Mode;  
 318   1          InitialUART0_Timer1(115200); 
 319   1          Init_I2C();                                 //initial I2C circuit
 320   1      
 321   1        
 322   1          while(1)
 323   1          {
 324   2      
 325   2              I2C_Process(0x55);                          /* I2C Master will send 0x55,0xAA,.... to slave */
 326   2              clr_I2CEN; 
 327   2              set_I2CEN; 
 328   2              Timer0_Delay1ms(300);
 329   2          }
 330   1      }
 331          


MODULE INFORMATION:   STATIC OVERLAYABLE
   CODE SIZE        =    614    ----
   CONSTANT SIZE    =      5    ----
   XDATA SIZE       =   ----    ----
   PDATA SIZE       =   ----    ----
   DATA SIZE        =     15      13
   IDATA SIZE       =   ----    ----
   BIT SIZE         =   ----    ----
END OF MODULE INFORMATION.


C51 COMPILATION COMPLETE.  1 WARNING(S),  0 ERROR(S)
