C51 COMPILER V9.54   BUZZER                                                                06/21/2018 10:04:49 PAGE 1   


C51 COMPILER V9.54, COMPILATION OF MODULE BUZZER
OBJECT MODULE PLACED IN .\Output\buzzer.obj
COMPILER INVOKED BY: E:\keil\C51\BIN\C51.EXE ..\..\Common\buzzer.c OPTIMIZE(8,SPEED) BROWSE INCDIR(..\..\Common;..\..\In
                    -clude) DEFINE(FOSC_160000) DEBUG OBJECTEXTEND PRINT(.\LST\buzzer.lst) TABS(2) OBJECT(.\Output\buzzer.obj)

line level    source

   1          #include "buzzer.h"
   2          #include "SFR_Macro.h"
   3          #include "Function_define.h"
   4          #include "N76E003.h"
   5          #include "Common.h"
   6          
   7          
   8          
   9          
  10          /**********************************************************************
  11            PWM frequency = Fpwm/((PWMPH,PWMPL) + 1) <Fpwm = Fsys/PWM_CLOCK_DIV> 
  12                          = (16MHz/8)/(0x7CF + 1)
  13                          = 1KHz (1ms)
  14          ***********************************************************************/
  15          void buzzer_pwm_init()
  16          {   
  17   1          P10_PushPull_Mode;
  18   1          PWM2_P10_OUTPUT_ENABLE;
  19   1      
  20   1      
  21   1          PWM_CLOCK_DIV_8;
  22   1          PWMPH = 0x07;
  23   1          PWMPL = 0xCF;
  24   1        
  25   1          PWM2H = 0x00;           
  26   1          PWM2L = 0x55;
  27   1        
  28   1          set_LOAD;
  29   1          set_PWMRUN; 
  30   1      }
  31          void buzzer_off()
  32          {
  33   1          PWM2H = 0x00;           
  34   1          PWM2L = 0x00;
  35   1      }
  36          void buzzer_open(unsigned char duration,unsigned char cycle,unsigned char interval)
  37          {
  38   1          
  39   1          
  40   1      }
*** WARNING C280 IN LINE 36 OF ..\..\Common\buzzer.c: 'duration': unreferenced local variable
*** WARNING C280 IN LINE 36 OF ..\..\Common\buzzer.c: 'cycle': unreferenced local variable
*** WARNING C280 IN LINE 36 OF ..\..\Common\buzzer.c: 'interval': unreferenced local variable
  41          void buzzer_sos()
  42          {
  43   1      
  44   1      }
  45          void buzzer_blin()
  46          {
  47   1      
  48   1      }
  49          
  50          
  51          
C51 COMPILER V9.54   BUZZER                                                                06/21/2018 10:04:49 PAGE 2   

  52          
  53          
  54          
  55          
  56          
  57          
  58          
  59          
  60          
  61          
  62          


MODULE INFORMATION:   STATIC OVERLAYABLE
   CODE SIZE        =     47    ----
   CONSTANT SIZE    =   ----    ----
   XDATA SIZE       =   ----    ----
   PDATA SIZE       =   ----    ----
   DATA SIZE        =   ----       3
   IDATA SIZE       =   ----    ----
   BIT SIZE         =   ----    ----
END OF MODULE INFORMATION.


C51 COMPILATION COMPLETE.  3 WARNING(S),  0 ERROR(S)
