C51 COMPILER V9.54   KEY                                                                   06/25/2018 15:08:51 PAGE 1   


C51 COMPILER V9.54, COMPILATION OF MODULE KEY
OBJECT MODULE PLACED IN .\Output\key.obj
COMPILER INVOKED BY: E:\keil\C51\BIN\C51.EXE ..\..\Common\key.c OPTIMIZE(8,SPEED) BROWSE INCDIR(..\..\Common;..\..\Inclu
                    -de) DEFINE(FOSC_160000) DEBUG OBJECTEXTEND PRINT(.\LST\key.lst) TABS(2) OBJECT(.\Output\key.obj)

line level    source

   1          #include "N76E003.h"
   2          #include "Common.h"
   3          #include "Delay.h"
   4          #include "SFR_Macro.h"
   5          #include "Function_define.h"
   6          #include "key.h"
   7          
   8          
   9          static unsigned char key_driver(void)
  10          {
  11   1        static unsigned char key_state_buffer1 = key_state_0;
  12   1        static unsigned char key_timer_cnt1 = 0;
  13   1        unsigned char key_return = key_no;
  14   1        unsigned char key;
  15   1        
  16   1        key = key_input;  //read the I/O states
  17   1        
  18   1        switch(key_state_buffer1)
  19   1        {
  20   2          case key_state_0:
  21   2            if(key == 0)
  22   2              key_state_buffer1 = key_state_1; 
  23   2              
  24   2            break;
  25   2          case key_state_1:
  26   2            if(key == 0)
  27   2            {
  28   3              key_timer_cnt1 = 0;
  29   3              key_state_buffer1 = key_state_2;            
  30   3            }
  31   2            else
  32   2              key_state_buffer1 = key_state_0;
  33   2              
  34   2            break;  
  35   2          case key_state_2:
  36   2            if(key == 1) 
  37   2            {
  38   3              key_return = key_click;  
  39   3              key_state_buffer1 = key_state_0;  
  40   3            }
  41   2            else if(++key_timer_cnt1 >= 100)  
  42   2            {
  43   3              key_return = key_long;  
  44   3              key_state_buffer1 = key_state_3;  
  45   3            }
  46   2            break;
  47   2          case key_state_3:  
  48   2            if(key == 1) 
  49   2              key_state_buffer1 = key_state_0;  
  50   2            break;
  51   2        }
  52   1        return key_return;
  53   1      }
  54          
C51 COMPILER V9.54   KEY                                                                   06/25/2018 15:08:51 PAGE 2   

  55          
  56          unsigned char key_read(void)
  57          {
  58   1        static unsigned char key_state_buffer2 = key_state_0;
  59   1        static unsigned char key_timer_cnt2 = 0;
  60   1        unsigned char key_return = key_no;
  61   1        unsigned char key;
  62   1        
  63   1        key = key_driver();
  64   1        
  65   1        switch(key_state_buffer2)
  66   1        {
  67   2          case key_state_0:
  68   2            if(key == key_click)
  69   2            {
  70   3              key_timer_cnt2 = 0;  
  71   3              key_state_buffer2 = key_state_1;
  72   3            }
  73   2            else 
  74   2              key_return = key;  
  75   2            break;
  76   2          case key_state_1:
  77   2            if(key == key_click)  
  78   2            {
  79   3              key_return = key_double;  
  80   3              key_state_buffer2 = key_state_0;
  81   3            }
  82   2            else if(++key_timer_cnt2 >= 50)
  83   2            {
  84   3                        
  85   3              key_return = key_click;  
  86   3              key_state_buffer2 = key_state_0;  
  87   3                
  88   3            }
  89   2            break;
  90   2        }
  91   1        
  92   1        return key_return;
  93   1      }


MODULE INFORMATION:   STATIC OVERLAYABLE
   CODE SIZE        =    121    ----
   CONSTANT SIZE    =   ----    ----
   XDATA SIZE       =   ----    ----
   PDATA SIZE       =   ----    ----
   DATA SIZE        =      4    ----
   IDATA SIZE       =   ----    ----
   BIT SIZE         =   ----    ----
END OF MODULE INFORMATION.


C51 COMPILATION COMPLETE.  0 WARNING(S),  0 ERROR(S)
